#
# There is insufficient memory for the Java Runtime Environment to continue.
# Native memory allocation (malloc) failed to allocate 178913280 bytes for committing reserved memory.
# Possible reasons:
#   The system is out of physical RAM or swap space
#   In 32 bit mode, the process size limit was hit
# Possible solutions:
#   Reduce memory load on the system
#   Increase physical memory or swap space
#   Check if swap backing store is full
#   Use 64 bit Java on a 64 bit OS
#   Decrease Java heap size (-Xmx/-Xms)
#   Decrease number of Java threads
#   Decrease Java thread stack sizes (-Xss)
#   Set larger code cache with -XX:ReservedCodeCacheSize=
# This output file may be truncated or incomplete.
#
#  Out of Memory Error (os_linux.cpp:2718), pid=3371, tid=3057607792
#
# JRE version:  (7.0_40-b43) (build )
# Java VM: Java HotSpot(TM) Client VM (24.0-b56 mixed mode linux-arm )
# Failed to write core dump. Core dumps have been disabled. To enable core dumping, try "ulimit -c unlimited" before starting Java again
#

---------------  T H R E A D  ---------------

Current thread (0x0129dc38):  JavaThread "Unknown thread" [_thread_in_vm, id=3372, stack(0xb62f7000,0xb63f7000)]

Stack: [0xb62f7000,0xb63f7000]
[error occurred during error reporting (printing stack bounds), id 0xb]


[error occurred during error reporting (printing native stack), id 0xb]


---------------  P R O C E S S  ---------------

Java Threads: ( => current thread )

Other Threads:

=>0x0129dc38 (exited) JavaThread "Unknown thread" [_thread_in_vm, id=3372, stack(0xb62f7000,0xb63f7000)]

VM state:not at safepoint (not fully initialized)

VM Mutex/Monitor currently owned by a thread: None

GC Heap History (0 events):
No events

Deoptimization events (0 events):
No events

Internal exceptions (0 events):
No events

Events (0 events):
No events


Dynamic libraries:
00008000-00009000 r-xp 00000000 b3:02 46744      /usr/lib/jvm/jdk-7-oracle-armhf/jre/bin/java
00010000-00011000 rw-p 00000000 b3:02 46744      /usr/lib/jvm/jdk-7-oracle-armhf/jre/bin/java
01297000-012b8000 rw-p 00000000 00:00 0          [heap]
29aff000-29eff000 rw-p 00000000 00:00 0 
29eff000-29f00000 rw-p 00000000 00:00 0 
349a0000-a9f00000 rw-p 00000000 00:00 0 
a9f16000-a9f17000 rw-p 00000000 00:00 0 
a9f17000-aa216000 rw-p 00000000 00:00 0 
aa216000-aa23e000 rwxp 00000000 00:00 0 
aa23e000-b6216000 rw-p 00000000 00:00 0 
b6216000-b622b000 r-xp 00000000 b3:02 46141      /usr/lib/jvm/jdk-7-oracle-armhf/jre/lib/arm/libzip.so
b622b000-b6232000 ---p 00015000 b3:02 46141      /usr/lib/jvm/jdk-7-oracle-armhf/jre/lib/arm/libzip.so
b6232000-b6233000 rw-p 00014000 b3:02 46141      /usr/lib/jvm/jdk-7-oracle-armhf/jre/lib/arm/libzip.so
b6233000-b623d000 r-xp 00000000 b3:02 4220       /lib/arm-linux-gnueabihf/libnss_files-2.13.so
b623d000-b6244000 ---p 0000a000 b3:02 4220       /lib/arm-linux-gnueabihf/libnss_files-2.13.so
b6244000-b6245000 r--p 00009000 b3:02 4220       /lib/arm-linux-gnueabihf/libnss_files-2.13.so
b6245000-b6246000 rw-p 0000a000 b3:02 4220       /lib/arm-linux-gnueabihf/libnss_files-2.13.so
b6246000-b624f000 r-xp 00000000 b3:02 4239       /lib/arm-linux-gnueabihf/libnss_nis-2.13.so
b624f000-b6256000 ---p 00009000 b3:02 4239       /lib/arm-linux-gnueabihf/libnss_nis-2.13.so
b6256000-b6257000 r--p 00008000 b3:02 4239       /lib/arm-linux-gnueabihf/libnss_nis-2.13.so
b6257000-b6258000 rw-p 00009000 b3:02 4239       /lib/arm-linux-gnueabihf/libnss_nis-2.13.so
b6258000-b6269000 r-xp 00000000 b3:02 4233       /lib/arm-linux-gnueabihf/libnsl-2.13.so
b6269000-b6270000 ---p 00011000 b3:02 4233       /lib/arm-linux-gnueabihf/libnsl-2.13.so
b6270000-b6271000 r--p 00010000 b3:02 4233       /lib/arm-linux-gnueabihf/libnsl-2.13.so
b6271000-b6272000 rw-p 00011000 b3:02 4233       /lib/arm-linux-gnueabihf/libnsl-2.13.so
b6272000-b6274000 rw-p 00000000 00:00 0 
b6274000-b627a000 r-xp 00000000 b3:02 4235       /lib/arm-linux-gnueabihf/libnss_compat-2.13.so
b627a000-b6281000 ---p 00006000 b3:02 4235       /lib/arm-linux-gnueabihf/libnss_compat-2.13.so
b6281000-b6282000 r--p 00005000 b3:02 4235       /lib/arm-linux-gnueabihf/libnss_compat-2.13.so
b6282000-b6283000 rw-p 00006000 b3:02 4235       /lib/arm-linux-gnueabihf/libnss_compat-2.13.so
b6283000-b62a3000 r-xp 00000000 b3:02 1253       /lib/arm-linux-gnueabihf/libgcc_s.so.1
b62a3000-b62aa000 ---p 00020000 b3:02 1253       /lib/arm-linux-gnueabihf/libgcc_s.so.1
b62aa000-b62ab000 rw-p 0001f000 b3:02 1253       /lib/arm-linux-gnueabihf/libgcc_s.so.1
b62ab000-b62cd000 r-xp 00000000 b3:02 46166      /usr/lib/jvm/jdk-7-oracle-armhf/jre/lib/arm/libjava.so
b62cd000-b62d5000 ---p 00022000 b3:02 46166      /usr/lib/jvm/jdk-7-oracle-armhf/jre/lib/arm/libjava.so
b62d5000-b62d6000 rw-p 00022000 b3:02 46166      /usr/lib/jvm/jdk-7-oracle-armhf/jre/lib/arm/libjava.so
b62d6000-b62df000 r-xp 00000000 b3:02 46170      /usr/lib/jvm/jdk-7-oracle-armhf/jre/lib/arm/libverify.so
b62df000-b62e7000 ---p 00009000 b3:02 46170      /usr/lib/jvm/jdk-7-oracle-armhf/jre/lib/arm/libverify.so
b62e7000-b62e8000 rw-p 00009000 b3:02 46170      /usr/lib/jvm/jdk-7-oracle-armhf/jre/lib/arm/libverify.so
b62e8000-b62ee000 r-xp 00000000 b3:02 4214       /lib/arm-linux-gnueabihf/librt-2.13.so
b62ee000-b62f5000 ---p 00006000 b3:02 4214       /lib/arm-linux-gnueabihf/librt-2.13.so
b62f5000-b62f6000 r--p 00005000 b3:02 4214       /lib/arm-linux-gnueabihf/librt-2.13.so
b62f6000-b62f7000 rw-p 00006000 b3:02 4214       /lib/arm-linux-gnueabihf/librt-2.13.so
b62f7000-b62fa000 ---p 00000000 00:00 0 
b62fa000-b63f7000 rw-p 00000000 00:00 0          [stack:3372]
b63f7000-b645f000 r-xp 00000000 b3:02 4238       /lib/arm-linux-gnueabihf/libm-2.13.so
b645f000-b6466000 ---p 00068000 b3:02 4238       /lib/arm-linux-gnueabihf/libm-2.13.so
b6466000-b6467000 r--p 00067000 b3:02 4238       /lib/arm-linux-gnueabihf/libm-2.13.so
b6467000-b6468000 rw-p 00068000 b3:02 4238       /lib/arm-linux-gnueabihf/libm-2.13.so
b6468000-b6921000 r-xp 00000000 b3:02 46168      /usr/lib/jvm/jdk-7-oracle-armhf/jre/lib/arm/client/libjvm.so
b6921000-b6928000 ---p 004b9000 b3:02 46168      /usr/lib/jvm/jdk-7-oracle-armhf/jre/lib/arm/client/libjvm.so
b6928000-b694e000 rw-p 004b8000 b3:02 46168      /usr/lib/jvm/jdk-7-oracle-armhf/jre/lib/arm/client/libjvm.so
b694e000-b6d6b000 rw-p 00000000 00:00 0 
b6d6b000-b6e8d000 r-xp 00000000 b3:02 4230       /lib/arm-linux-gnueabihf/libc-2.13.so
b6e8d000-b6e94000 ---p 00122000 b3:02 4230       /lib/arm-linux-gnueabihf/libc-2.13.so
b6e94000-b6e96000 r--p 00121000 b3:02 4230       /lib/arm-linux-gnueabihf/libc-2.13.so
b6e96000-b6e97000 rw-p 00123000 b3:02 4230       /lib/arm-linux-gnueabihf/libc-2.13.so
b6e97000-b6e9a000 rw-p 00000000 00:00 0 
b6e9a000-b6e9c000 r-xp 00000000 b3:02 4236       /lib/arm-linux-gnueabihf/libdl-2.13.so
b6e9c000-b6ea3000 ---p 00002000 b3:02 4236       /lib/arm-linux-gnueabihf/libdl-2.13.so
b6ea3000-b6ea4000 r--p 00001000 b3:02 4236       /lib/arm-linux-gnueabihf/libdl-2.13.so
b6ea4000-b6ea5000 rw-p 00002000 b3:02 4236       /lib/arm-linux-gnueabihf/libdl-2.13.so
b6ea5000-b6eb8000 r-xp 00000000 b3:02 46174      /usr/lib/jvm/jdk-7-oracle-armhf/jre/lib/arm/jli/libjli.so
b6eb8000-b6ebf000 ---p 00013000 b3:02 46174      /usr/lib/jvm/jdk-7-oracle-armhf/jre/lib/arm/jli/libjli.so
b6ebf000-b6ec0000 rw-p 00012000 b3:02 46174      /usr/lib/jvm/jdk-7-oracle-armhf/jre/lib/arm/jli/libjli.so
b6ec0000-b6ed4000 r-xp 00000000 b3:02 4223       /lib/arm-linux-gnueabihf/libpthread-2.13.so
b6ed4000-b6edb000 ---p 00014000 b3:02 4223       /lib/arm-linux-gnueabihf/libpthread-2.13.so
b6edb000-b6edc000 r--p 00013000 b3:02 4223       /lib/arm-linux-gnueabihf/libpthread-2.13.so
b6edc000-b6edd000 rw-p 00014000 b3:02 4223       /lib/arm-linux-gnueabihf/libpthread-2.13.so
b6edd000-b6edf000 rw-p 00000000 00:00 0 
b6ee4000-b6eec000 rw-s 00000000 b3:02 58390      /tmp/hsperfdata_root/3371
b6eec000-b6eee000 r-xp 00000000 b3:02 24733      /usr/lib/arm-linux-gnueabihf/libcofi_rpi.so
b6eee000-b6ef5000 ---p 00002000 b3:02 24733      /usr/lib/arm-linux-gnueabihf/libcofi_rpi.so
b6ef5000-b6ef6000 rw-p 00001000 b3:02 24733      /usr/lib/arm-linux-gnueabihf/libcofi_rpi.so
b6ef6000-b6f13000 r-xp 00000000 b3:02 4224       /lib/arm-linux-gnueabihf/ld-2.13.so
b6f16000-b6f17000 r--p 00000000 00:00 0 
b6f17000-b6f1b000 rw-p 00000000 00:00 0 
b6f1b000-b6f1c000 r--p 0001d000 b3:02 4224       /lib/arm-linux-gnueabihf/ld-2.13.so
b6f1c000-b6f1d000 rw-p 0001e000 b3:02 4224       /lib/arm-linux-gnueabihf/ld-2.13.so
be94d000-be96e000 rw-p 00000000 00:00 0          [stack]
ffff0000-ffff1000 r-xp 00000000 00:00 0          [vectors]

VM Arguments:
jvm_args: -Xms512M -Xmx1536M -Xss1M -XX:ReservedCodeCacheSize=192m -XX:+CMSClassUnloadingEnabled -XX:MaxPermSize=512M -Dfile.encoding=UTF-8 -Dplay.version=2.2.0 -Dplay.home=/home/pi/play/play-2.2.0/framework -Dsbt.boot.properties=/home/pi/play/play-2.2.0/framework/sbt/sbt.boot.properties 
java_command: /home/pi/play/play-2.2.0/framework/sbt/sbt-launch.jar play
Launcher Type: SUN_STANDARD

Environment Variables:
PATH=/usr/local/sbin:/usr/local/bin:/usr/sbin:/usr/bin:/sbin:/bin
USERNAME=root
SHELL=/bin/bash

Signal Handlers:
SIGSEGV: [libjvm.so+0x455d80], sa_mask[0]=0x7ffbfeff, sa_flags=0x10000004
SIGBUS: [libjvm.so+0x455d80], sa_mask[0]=0x7ffbfeff, sa_flags=0x10000004
SIGFPE: [libjvm.so+0x357bac], sa_mask[0]=0x7ffbfeff, sa_flags=0x10000004
SIGPIPE: [libjvm.so+0x357bac], sa_mask[0]=0x7ffbfeff, sa_flags=0x10000004
SIGXFSZ: [libjvm.so+0x357bac], sa_mask[0]=0x7ffbfeff, sa_flags=0x10000004
SIGILL: [libjvm.so+0x357bac], sa_mask[0]=0x7ffbfeff, sa_flags=0x10000004
SIGUSR1: SIG_DFL, sa_mask[0]=0x00000000, sa_flags=0x00000000
SIGUSR2: [libjvm.so+0x357ef0], sa_mask[0]=0x00000000, sa_flags=0x10000004
SIGHUP: SIG_DFL, sa_mask[0]=0x00000000, sa_flags=0x00000000
SIGINT: SIG_DFL, sa_mask[0]=0x00000000, sa_flags=0x00000000
SIGTERM: SIG_DFL, sa_mask[0]=0x00000000, sa_flags=0x00000000
SIGQUIT: SIG_DFL, sa_mask[0]=0x00000000, sa_flags=0x00000000


---------------  S Y S T E M  ---------------

OS:7.1

uname:Linux 3.6.11+ #538 PREEMPT Fri Aug 30 20:42:08 BST 2013 armv6l
libc:glibc 2.13 NPTL 2.13 
rlimit: STACK 8192k, CORE 0k, NPROC 3376, NOFILE 4096, AS infinity
load average:0.18 0.15 0.15

/proc/meminfo:
MemTotal:         448736 kB
MemFree:           19068 kB
Buffers:            6904 kB
Cached:            29700 kB
SwapCached:            8 kB
Active:           193940 kB
Inactive:         216224 kB
Active(anon):     175956 kB
Inactive(anon):   197828 kB
Active(file):      17984 kB
Inactive(file):    18396 kB
Unevictable:           0 kB
Mlocked:               0 kB
SwapTotal:        102396 kB
SwapFree:         102348 kB
Dirty:               172 kB
Writeback:             0 kB
AnonPages:        373568 kB
Mapped:             9580 kB
Shmem:               212 kB
Slab:               8468 kB
SReclaimable:       4584 kB
SUnreclaim:         3884 kB
KernelStack:        1440 kB
PageTables:         2672 kB
NFS_Unstable:          0 kB
Bounce:                0 kB
WritebackTmp:          0 kB
CommitLimit:      326764 kB
Committed_AS:    1793936 kB
VmallocTotal:     565248 kB
VmallocUsed:         756 kB
VmallocChunk:     350692 kB


CPU:total 1 (ARMv6), vfp

/proc/cpuinfo:
Processor	: ARMv6-compatible processor rev 7 (v6l)
BogoMIPS	: 697.95
Features	: swp half thumb fastmult vfp edsp java tls 
CPU implementer	: 0x41
CPU architecture: 7
CPU variant	: 0x0
CPU part	: 0xb76
CPU revision	: 7

Hardware	: BCM2708
Revision	: 000e
Serial		: 00000000984d8a66


Memory: 4k page, physical 448736k(19068k free), swap 102396k(102348k free)

vm_info: Java HotSpot(TM) Client VM (24.0-b56) for linux-arm-vfp-hflt JRE (1.7.0_40-b43), built on Aug 26 2013 21:44:37 by "java_re" with gcc 4.7.2 20120910 (prerelease)

time: Sun Oct 20 22:23:45 2013
elapsed time: 0 seconds

