#
# There is insufficient memory for the Java Runtime Environment to continue.
# Native memory allocation (malloc) failed to allocate 178913280 bytes for committing reserved memory.
# Possible reasons:
#   The system is out of physical RAM or swap space
#   In 32 bit mode, the process size limit was hit
# Possible solutions:
#   Reduce memory load on the system
#   Increase physical memory or swap space
#   Check if swap backing store is full
#   Use 64 bit Java on a 64 bit OS
#   Decrease Java heap size (-Xmx/-Xms)
#   Decrease number of Java threads
#   Decrease Java thread stack sizes (-Xss)
#   Set larger code cache with -XX:ReservedCodeCacheSize=
# This output file may be truncated or incomplete.
#
#  Out of Memory Error (os_linux.cpp:2718), pid=3315, tid=3057914992
#
# JRE version:  (7.0_40-b43) (build )
# Java VM: Java HotSpot(TM) Client VM (24.0-b56 mixed mode linux-arm )
# Failed to write core dump. Core dumps have been disabled. To enable core dumping, try "ulimit -c unlimited" before starting Java again
#

---------------  T H R E A D  ---------------

Current thread (0x000b2c38):  JavaThread "Unknown thread" [_thread_in_vm, id=3316, stack(0xb6342000,0xb6442000)]

Stack: [0xb6342000,0xb6442000]
[error occurred during error reporting (printing stack bounds), id 0xb]


[error occurred during error reporting (printing native stack), id 0xb]


---------------  P R O C E S S  ---------------

Java Threads: ( => current thread )

Other Threads:

=>0x000b2c38 (exited) JavaThread "Unknown thread" [_thread_in_vm, id=3316, stack(0xb6342000,0xb6442000)]

VM state:not at safepoint (not fully initialized)

VM Mutex/Monitor currently owned by a thread: None

GC Heap History (0 events):
No events

Deoptimization events (0 events):
No events

Internal exceptions (0 events):
No events

Events (0 events):
No events


Dynamic libraries:
00008000-00009000 r-xp 00000000 b3:02 46744      /usr/lib/jvm/jdk-7-oracle-armhf/jre/bin/java
00010000-00011000 rw-p 00000000 b3:02 46744      /usr/lib/jvm/jdk-7-oracle-armhf/jre/bin/java
000ac000-000cd000 rw-p 00000000 00:00 0          [heap]
29b5f000-29f5f000 rw-p 00000000 00:00 0 
29f5f000-29f60000 rw-p 00000000 00:00 0 
34a00000-a9f60000 rw-p 00000000 00:00 0 
a9f61000-a9f62000 rw-p 00000000 00:00 0 
a9f62000-aa261000 rw-p 00000000 00:00 0 
aa261000-aa289000 rwxp 00000000 00:00 0 
aa289000-b6261000 rw-p 00000000 00:00 0 
b6261000-b6276000 r-xp 00000000 b3:02 46141      /usr/lib/jvm/jdk-7-oracle-armhf/jre/lib/arm/libzip.so
b6276000-b627d000 ---p 00015000 b3:02 46141      /usr/lib/jvm/jdk-7-oracle-armhf/jre/lib/arm/libzip.so
b627d000-b627e000 rw-p 00014000 b3:02 46141      /usr/lib/jvm/jdk-7-oracle-armhf/jre/lib/arm/libzip.so
b627e000-b6288000 r-xp 00000000 b3:02 4220       /lib/arm-linux-gnueabihf/libnss_files-2.13.so
b6288000-b628f000 ---p 0000a000 b3:02 4220       /lib/arm-linux-gnueabihf/libnss_files-2.13.so
b628f000-b6290000 r--p 00009000 b3:02 4220       /lib/arm-linux-gnueabihf/libnss_files-2.13.so
b6290000-b6291000 rw-p 0000a000 b3:02 4220       /lib/arm-linux-gnueabihf/libnss_files-2.13.so
b6291000-b629a000 r-xp 00000000 b3:02 4239       /lib/arm-linux-gnueabihf/libnss_nis-2.13.so
b629a000-b62a1000 ---p 00009000 b3:02 4239       /lib/arm-linux-gnueabihf/libnss_nis-2.13.so
b62a1000-b62a2000 r--p 00008000 b3:02 4239       /lib/arm-linux-gnueabihf/libnss_nis-2.13.so
b62a2000-b62a3000 rw-p 00009000 b3:02 4239       /lib/arm-linux-gnueabihf/libnss_nis-2.13.so
b62a3000-b62b4000 r-xp 00000000 b3:02 4233       /lib/arm-linux-gnueabihf/libnsl-2.13.so
b62b4000-b62bb000 ---p 00011000 b3:02 4233       /lib/arm-linux-gnueabihf/libnsl-2.13.so
b62bb000-b62bc000 r--p 00010000 b3:02 4233       /lib/arm-linux-gnueabihf/libnsl-2.13.so
b62bc000-b62bd000 rw-p 00011000 b3:02 4233       /lib/arm-linux-gnueabihf/libnsl-2.13.so
b62bd000-b62bf000 rw-p 00000000 00:00 0 
b62bf000-b62c5000 r-xp 00000000 b3:02 4235       /lib/arm-linux-gnueabihf/libnss_compat-2.13.so
b62c5000-b62cc000 ---p 00006000 b3:02 4235       /lib/arm-linux-gnueabihf/libnss_compat-2.13.so
b62cc000-b62cd000 r--p 00005000 b3:02 4235       /lib/arm-linux-gnueabihf/libnss_compat-2.13.so
b62cd000-b62ce000 rw-p 00006000 b3:02 4235       /lib/arm-linux-gnueabihf/libnss_compat-2.13.so
b62ce000-b62ee000 r-xp 00000000 b3:02 1253       /lib/arm-linux-gnueabihf/libgcc_s.so.1
b62ee000-b62f5000 ---p 00020000 b3:02 1253       /lib/arm-linux-gnueabihf/libgcc_s.so.1
b62f5000-b62f6000 rw-p 0001f000 b3:02 1253       /lib/arm-linux-gnueabihf/libgcc_s.so.1
b62f6000-b6318000 r-xp 00000000 b3:02 46166      /usr/lib/jvm/jdk-7-oracle-armhf/jre/lib/arm/libjava.so
b6318000-b6320000 ---p 00022000 b3:02 46166      /usr/lib/jvm/jdk-7-oracle-armhf/jre/lib/arm/libjava.so
b6320000-b6321000 rw-p 00022000 b3:02 46166      /usr/lib/jvm/jdk-7-oracle-armhf/jre/lib/arm/libjava.so
b6321000-b632a000 r-xp 00000000 b3:02 46170      /usr/lib/jvm/jdk-7-oracle-armhf/jre/lib/arm/libverify.so
b632a000-b6332000 ---p 00009000 b3:02 46170      /usr/lib/jvm/jdk-7-oracle-armhf/jre/lib/arm/libverify.so
b6332000-b6333000 rw-p 00009000 b3:02 46170      /usr/lib/jvm/jdk-7-oracle-armhf/jre/lib/arm/libverify.so
b6333000-b6339000 r-xp 00000000 b3:02 4214       /lib/arm-linux-gnueabihf/librt-2.13.so
b6339000-b6340000 ---p 00006000 b3:02 4214       /lib/arm-linux-gnueabihf/librt-2.13.so
b6340000-b6341000 r--p 00005000 b3:02 4214       /lib/arm-linux-gnueabihf/librt-2.13.so
b6341000-b6342000 rw-p 00006000 b3:02 4214       /lib/arm-linux-gnueabihf/librt-2.13.so
b6342000-b6345000 ---p 00000000 00:00 0 
b6345000-b6442000 rw-p 00000000 00:00 0          [stack:3316]
b6442000-b64aa000 r-xp 00000000 b3:02 4238       /lib/arm-linux-gnueabihf/libm-2.13.so
b64aa000-b64b1000 ---p 00068000 b3:02 4238       /lib/arm-linux-gnueabihf/libm-2.13.so
b64b1000-b64b2000 r--p 00067000 b3:02 4238       /lib/arm-linux-gnueabihf/libm-2.13.so
b64b2000-b64b3000 rw-p 00068000 b3:02 4238       /lib/arm-linux-gnueabihf/libm-2.13.so
b64b3000-b696c000 r-xp 00000000 b3:02 46168      /usr/lib/jvm/jdk-7-oracle-armhf/jre/lib/arm/client/libjvm.so
b696c000-b6973000 ---p 004b9000 b3:02 46168      /usr/lib/jvm/jdk-7-oracle-armhf/jre/lib/arm/client/libjvm.so
b6973000-b6999000 rw-p 004b8000 b3:02 46168      /usr/lib/jvm/jdk-7-oracle-armhf/jre/lib/arm/client/libjvm.so
b6999000-b6db6000 rw-p 00000000 00:00 0 
b6db6000-b6ed8000 r-xp 00000000 b3:02 4230       /lib/arm-linux-gnueabihf/libc-2.13.so
b6ed8000-b6edf000 ---p 00122000 b3:02 4230       /lib/arm-linux-gnueabihf/libc-2.13.so
b6edf000-b6ee1000 r--p 00121000 b3:02 4230       /lib/arm-linux-gnueabihf/libc-2.13.so
b6ee1000-b6ee2000 rw-p 00123000 b3:02 4230       /lib/arm-linux-gnueabihf/libc-2.13.so
b6ee2000-b6ee5000 rw-p 00000000 00:00 0 
b6ee5000-b6ee7000 r-xp 00000000 b3:02 4236       /lib/arm-linux-gnueabihf/libdl-2.13.so
b6ee7000-b6eee000 ---p 00002000 b3:02 4236       /lib/arm-linux-gnueabihf/libdl-2.13.so
b6eee000-b6eef000 r--p 00001000 b3:02 4236       /lib/arm-linux-gnueabihf/libdl-2.13.so
b6eef000-b6ef0000 rw-p 00002000 b3:02 4236       /lib/arm-linux-gnueabihf/libdl-2.13.so
b6ef0000-b6f03000 r-xp 00000000 b3:02 46174      /usr/lib/jvm/jdk-7-oracle-armhf/jre/lib/arm/jli/libjli.so
b6f03000-b6f0a000 ---p 00013000 b3:02 46174      /usr/lib/jvm/jdk-7-oracle-armhf/jre/lib/arm/jli/libjli.so
b6f0a000-b6f0b000 rw-p 00012000 b3:02 46174      /usr/lib/jvm/jdk-7-oracle-armhf/jre/lib/arm/jli/libjli.so
b6f0b000-b6f1f000 r-xp 00000000 b3:02 4223       /lib/arm-linux-gnueabihf/libpthread-2.13.so
b6f1f000-b6f26000 ---p 00014000 b3:02 4223       /lib/arm-linux-gnueabihf/libpthread-2.13.so
b6f26000-b6f27000 r--p 00013000 b3:02 4223       /lib/arm-linux-gnueabihf/libpthread-2.13.so
b6f27000-b6f28000 rw-p 00014000 b3:02 4223       /lib/arm-linux-gnueabihf/libpthread-2.13.so
b6f28000-b6f2a000 rw-p 00000000 00:00 0 
b6f2f000-b6f37000 rw-s 00000000 b3:02 58390      /tmp/hsperfdata_root/3315
b6f37000-b6f39000 r-xp 00000000 b3:02 24733      /usr/lib/arm-linux-gnueabihf/libcofi_rpi.so
b6f39000-b6f40000 ---p 00002000 b3:02 24733      /usr/lib/arm-linux-gnueabihf/libcofi_rpi.so
b6f40000-b6f41000 rw-p 00001000 b3:02 24733      /usr/lib/arm-linux-gnueabihf/libcofi_rpi.so
b6f41000-b6f5e000 r-xp 00000000 b3:02 4224       /lib/arm-linux-gnueabihf/ld-2.13.so
b6f61000-b6f62000 r--p 00000000 00:00 0 
b6f62000-b6f66000 rw-p 00000000 00:00 0 
b6f66000-b6f67000 r--p 0001d000 b3:02 4224       /lib/arm-linux-gnueabihf/ld-2.13.so
b6f67000-b6f68000 rw-p 0001e000 b3:02 4224       /lib/arm-linux-gnueabihf/ld-2.13.so
befce000-befef000 rw-p 00000000 00:00 0          [stack]
ffff0000-ffff1000 r-xp 00000000 00:00 0          [vectors]

VM Arguments:
jvm_args: -Xms512M -Xmx1536M -Xss1M -XX:ReservedCodeCacheSize=192m -XX:+CMSClassUnloadingEnabled -XX:MaxPermSize=512M -Dfile.encoding=UTF-8 -Dplay.version=2.2.0 -Dplay.home=/home/pi/play/play-2.2.0/framework -Dsbt.boot.properties=/home/pi/play/play-2.2.0/framework/sbt/sbt.boot.properties 
java_command: /home/pi/play/play-2.2.0/framework/sbt/sbt-launch.jar play
Launcher Type: SUN_STANDARD

Environment Variables:
PATH=/usr/local/sbin:/usr/local/bin:/usr/sbin:/usr/bin:/sbin:/bin
USERNAME=root
SHELL=/bin/bash

Signal Handlers:
SIGSEGV: [libjvm.so+0x455d80], sa_mask[0]=0x7ffbfeff, sa_flags=0x10000004
SIGBUS: [libjvm.so+0x455d80], sa_mask[0]=0x7ffbfeff, sa_flags=0x10000004
SIGFPE: [libjvm.so+0x357bac], sa_mask[0]=0x7ffbfeff, sa_flags=0x10000004
SIGPIPE: [libjvm.so+0x357bac], sa_mask[0]=0x7ffbfeff, sa_flags=0x10000004
SIGXFSZ: [libjvm.so+0x357bac], sa_mask[0]=0x7ffbfeff, sa_flags=0x10000004
SIGILL: [libjvm.so+0x357bac], sa_mask[0]=0x7ffbfeff, sa_flags=0x10000004
SIGUSR1: SIG_DFL, sa_mask[0]=0x00000000, sa_flags=0x00000000
SIGUSR2: [libjvm.so+0x357ef0], sa_mask[0]=0x00000000, sa_flags=0x10000004
SIGHUP: SIG_DFL, sa_mask[0]=0x00000000, sa_flags=0x00000000
SIGINT: SIG_DFL, sa_mask[0]=0x00000000, sa_flags=0x00000000
SIGTERM: SIG_DFL, sa_mask[0]=0x00000000, sa_flags=0x00000000
SIGQUIT: SIG_DFL, sa_mask[0]=0x00000000, sa_flags=0x00000000


---------------  S Y S T E M  ---------------

OS:7.1

uname:Linux 3.6.11+ #538 PREEMPT Fri Aug 30 20:42:08 BST 2013 armv6l
libc:glibc 2.13 NPTL 2.13 
rlimit: STACK 8192k, CORE 0k, NPROC 3376, NOFILE 4096, AS infinity
load average:0.27 0.17 0.15

/proc/meminfo:
MemTotal:         448736 kB
MemFree:           19316 kB
Buffers:            6784 kB
Cached:            29672 kB
SwapCached:            8 kB
Active:           193884 kB
Inactive:         216132 kB
Active(anon):     175956 kB
Inactive(anon):   197828 kB
Active(file):      17928 kB
Inactive(file):    18304 kB
Unevictable:           0 kB
Mlocked:               0 kB
SwapTotal:        102396 kB
SwapFree:         102348 kB
Dirty:               108 kB
Writeback:             0 kB
AnonPages:        373568 kB
Mapped:             9580 kB
Shmem:               212 kB
Slab:               8468 kB
SReclaimable:       4584 kB
SUnreclaim:         3884 kB
KernelStack:        1440 kB
PageTables:         2668 kB
NFS_Unstable:          0 kB
Bounce:                0 kB
WritebackTmp:          0 kB
CommitLimit:      326764 kB
Committed_AS:    1793936 kB
VmallocTotal:     565248 kB
VmallocUsed:         756 kB
VmallocChunk:     350692 kB


CPU:total 1 (ARMv6), vfp

/proc/cpuinfo:
Processor	: ARMv6-compatible processor rev 7 (v6l)
BogoMIPS	: 697.95
Features	: swp half thumb fastmult vfp edsp java tls 
CPU implementer	: 0x41
CPU architecture: 7
CPU variant	: 0x0
CPU part	: 0xb76
CPU revision	: 7

Hardware	: BCM2708
Revision	: 000e
Serial		: 00000000984d8a66


Memory: 4k page, physical 448736k(19316k free), swap 102396k(102348k free)

vm_info: Java HotSpot(TM) Client VM (24.0-b56) for linux-arm-vfp-hflt JRE (1.7.0_40-b43), built on Aug 26 2013 21:44:37 by "java_re" with gcc 4.7.2 20120910 (prerelease)

time: Sun Oct 20 22:23:19 2013
elapsed time: 0 seconds

